2026-02-26 21:56:21,030 - INFO - GET http://127.0.0.1:8000/docs
2026-02-27 08:19:16,897 - INFO - GET http://127.0.0.1:8000/docs
2026-02-27 08:19:17,340 - INFO - GET http://127.0.0.1:8000/openapi.json
2026-02-27 09:41:50,007 - INFO - request - GET /docs 200 1.0ms
2026-02-27 09:41:50,251 - INFO - request - GET /openapi.json 200 24.59ms
2026-02-27 09:43:17,954 - INFO - request - GET /health 200 14.27ms
2026-02-27 10:39:19,982 - INFO - request - GET /docs 200 0.0ms
2026-02-27 10:39:20,215 - INFO - request - GET /openapi.json 200 21.81ms
2026-02-27 10:40:26,941 - WARNING - passlib.handlers.bcrypt - (trapped) error reading bcrypt version
Traceback (most recent call last):
  File "D:\Python Task2\venv\Lib\site-packages\passlib\handlers\bcrypt.py", line 620, in _load_backend_mixin
    version = _bcrypt.__about__.__version__
              ^^^^^^^^^^^^^^^^^
AttributeError: module 'bcrypt' has no attribute '__about__'
2026-02-27 11:20:33,872 - INFO - request - POST /api/v1/auth/register 200 403.08ms
2026-02-27 11:39:08,183 - INFO - request - POST /api/v1/auth/login 200 384.62ms
2026-02-27 12:14:49,321 - INFO - request - POST /api/v1/documents/upload 401 11.74ms
2026-02-27 12:14:58,494 - INFO - request - POST /api/v1/auth/login 401 15.86ms
2026-02-27 12:15:09,137 - INFO - request - POST /api/v1/auth/register 200 471.21ms
2026-02-27 12:15:27,706 - INFO - request - POST /api/v1/auth/login 200 326.0ms
2026-02-27 12:26:37,248 - INFO - request - POST /api/v1/documents/upload 200 46.56ms
2026-02-27 12:56:33,258 - INFO - request - POST /api/v1/documents/upload 401 12.81ms
2026-02-27 12:56:56,054 - INFO - request - POST /api/v1/documents/upload 401 6.98ms
2026-02-27 12:57:08,661 - INFO - request - POST /api/v1/auth/login 200 386.57ms
2026-02-27 13:04:28,113 - INFO - request - POST /api/v1/auth/login 200 364.68ms
2026-02-27 13:07:07,399 - INFO - request - POST /api/v1/auth/register 200 384.59ms
2026-02-27 13:07:11,907 - INFO - request - POST /api/v1/auth/login 200 339.41ms
2026-02-27 13:07:27,425 - INFO - request - POST /api/v1/documents/upload 200 26.3ms
2026-02-27 13:08:09,625 - INFO - request - GET /api/v1/documents/approved 200 5.24ms
2026-02-27 13:11:23,743 - INFO - request - GET /docs 200 0.0ms
2026-02-27 13:11:23,959 - INFO - request - GET /openapi.json 200 24.43ms
2026-02-27 13:11:44,086 - INFO - request - POST /api/v1/auth/login 200 369.36ms
2026-02-27 13:12:18,489 - INFO - request - GET /api/v1/documents/5715be14-e6e6-4322-ad96-bf55b5e62e46/download 403 5.57ms
2026-02-27 13:13:10,568 - INFO - request - POST /api/v1/auth/register 200 334.29ms
2026-02-27 13:13:32,950 - INFO - request - POST /api/v1/auth/login 200 334.69ms
2026-02-27 13:13:54,638 - INFO - request - GET /api/v1/documents/approved 200 7.98ms
2026-02-27 13:14:09,686 - INFO - request - PUT /api/v1/documents/admin/5715be14-e6e6-4322-ad96-bf55b5e62e46/approve 200 20.85ms
2026-02-27 13:16:35,648 - INFO - request - GET /api/v1/documents/approved 200 30.0ms
2026-02-27 13:16:48,459 - INFO - request - GET /health 200 4.99ms
2026-02-27 13:17:11,177 - INFO - request - POST /api/v1/auth/login 200 367.59ms
2026-02-27 13:17:28,924 - INFO - request - GET /api/v1/documents/5715be14-e6e6-4322-ad96-bf55b5e62e46/download 200 10.98ms
2026-02-27 13:17:52,780 - INFO - request - GET /health 200 1.99ms
2026-02-28 13:06:42,638 - INFO - request - GET /docs 200 6.73ms
2026-02-28 13:06:43,204 - INFO - request - GET /openapi.json 200 47.03ms
2026-02-28 13:19:28,560 - INFO - request - GET /openapi.json 200 1.0ms
2026-02-28 13:19:28,643 - INFO - request - GET /favicon.ico 404 1.14ms
2026-02-28 13:20:49,895 - INFO - request - POST /api/v1/auth/register 200 712.97ms
2026-02-28 13:56:20,708 - INFO - request - POST /api/v1/auth/register 422 22.3ms
2026-02-28 13:57:00,644 - INFO - request - POST /api/v1/auth/register 422 3.99ms
2026-02-28 14:03:50,961 - INFO - request - POST /api/v1/auth/register 422 20.41ms
2026-02-28 14:03:55,108 - INFO - request - GET /docs 200 0.0ms
2026-02-28 14:03:55,394 - INFO - request - GET /openapi.json 200 41.89ms
2026-02-28 14:04:21,273 - INFO - request - POST /api/v1/auth/register 422 10.15ms
2026-02-28 14:04:38,215 - INFO - request - POST /api/v1/auth/register 200 4604.05ms
2026-02-28 14:08:36,065 - INFO - request - POST /api/v1/auth/login 200 332.6ms
2026-02-28 14:09:54,158 - INFO - request - POST /api/v1/documents/upload 200 45.31ms
2026-02-28 14:13:50,472 - INFO - request - POST /api/v1/documents/upload 400 13.49ms
2026-02-28 14:13:59,990 - INFO - request - GET /docs 200 1.0ms
2026-02-28 14:14:00,192 - INFO - request - GET /openapi.json 200 29.45ms
2026-02-28 14:19:49,608 - INFO - request - POST /api/v1/auth/login 200 388.93ms
2026-02-28 14:20:56,289 - INFO - request - GET /api/v1/documents/approved 200 6.79ms
2026-02-28 14:21:21,842 - INFO - request - GET /api/v1/documents/27fdec8a-2955-40ae-8584-b2532cb8f162/download 403 9.39ms
2026-02-28 14:21:35,094 - INFO - request - DELETE /api/v1/documents/27fdec8a-2955-40ae-8584-b2532cb8f162 200 20.94ms
2026-02-28 14:24:55,426 - INFO - request - DELETE /api/v1/documents/27fdec8a-2955-40ae-8584-b2532cb8f162 404 25.17ms
2026-02-28 14:25:26,958 - INFO - request - POST /api/v1/auth/register 422 17.58ms
2026-02-28 14:25:34,857 - INFO - request - POST /api/v1/auth/register 422 3.0ms
2026-02-28 14:25:47,366 - INFO - request - POST /api/v1/auth/register 200 4373.16ms
2026-02-28 14:26:45,558 - INFO - request - POST /api/v1/auth/login 200 342.94ms
2026-02-28 14:27:14,795 - INFO - request - GET /api/v1/documents/approved 200 9.97ms
2026-02-28 14:27:23,200 - INFO - request - GET /api/v1/documents/27fdec8a-2955-40ae-8584-b2532cb8f162/download 403 7.98ms
2026-02-28 14:27:46,200 - INFO - request - PUT /api/v1/documents/admin/27fdec8a-2955-40ae-8584-b2532cb8f162/approve 404 29.31ms
2026-02-28 14:28:02,722 - INFO - request - DELETE /api/v1/documents/27fdec8a-2955-40ae-8584-b2532cb8f162 404 7.15ms
2026-02-28 14:28:36,419 - INFO - request - POST /api/v1/auth/login 200 332.42ms
2026-02-28 14:29:07,438 - INFO - request - POST /api/v1/documents/upload 200 11.93ms
2026-02-28 14:29:31,712 - INFO - request - POST /api/v1/auth/login 200 327.69ms
2026-02-28 14:29:58,888 - INFO - request - PUT /api/v1/documents/admin/2705ace6-cead-4f6d-9d32-ed208a2d96ac/approve 200 14.43ms
2026-02-28 14:30:54,577 - INFO - request - GET /api/v1/documents/approved 200 6.71ms
2026-02-28 14:31:40,340 - INFO - request - GET /health 200 3.67ms
2026-02-28 14:32:41,629 - INFO - request - POST /api/v1/auth/login 200 336.51ms
2026-02-28 14:33:07,114 - INFO - request - GET /api/v1/documents/27fdec8a-2955-40ae-8584-b2532cb8f162/download 403 4.99ms
2026-02-28 14:33:28,217 - INFO - request - GET /api/v1/documents/27fdec8a-2955-40ae-8584-b2532cb8f162/download 403 6.98ms
2026-02-28 14:33:50,980 - INFO - request - GET /api/v1/documents/2705ace6-cead-4f6d-9d32-ed208a2d96ac/download 200 38.04ms
2026-02-28 16:34:56,400 - INFO - request - POST /api/v1/auth/register 200 6229.74ms
2026-02-28 16:35:15,513 - INFO - request - POST /api/v1/auth/login 200 584.9ms
2026-02-28 16:35:53,517 - INFO - request - POST /api/v1/documents/upload 200 37.01ms
2026-02-28 16:36:09,978 - INFO - request - GET /api/v1/documents/2705ace6-cead-4f6d-9d32-ed208a2d96ac/download 200 5.82ms
2026-02-28 16:38:13,474 - INFO - request - PUT /api/v1/documents/admin/36111c99-a36b-4317-8b42-208895a8540e/reject 403 27.81ms
2026-02-28 16:38:24,054 - INFO - request - GET /health 200 4.83ms
2026-02-28 16:39:34,884 - INFO - request - POST /api/v1/auth/login 200 656.09ms
2026-02-28 16:40:06,989 - INFO - request - PUT /api/v1/documents/admin/eyJhbGciOiJIUzI1NiIsInR5cCI6IkpXVCJ9.eyJ1c2VyX2lkIjoyLCJ0eXBlIjoiYWNjZXNzIiwiZXhwIjoxNzcyMjc4Nzc0fQ.Qsc1QIcDeR2M6i2WHfxur-tvS4Bf6ZsPw07UDR7zT8s/reject 404 12.77ms
2026-02-28 16:40:19,916 - INFO - request - PUT /api/v1/documents/admin/eyJhbGciOiJIUzI1NiIsInR5cCI6IkpXVCJ9.eyJ1c2VyX2lkIjoyLCJ0eXBlIjoiYWNjZXNzIiwiZXhwIjoxNzcyMjc4Nzc0fQ.Qsc1QIcDeR2M6i2WHfxur-tvS4Bf6ZsPw07UDR7zT8s/reject 404 10.07ms
2026-02-28 16:46:31,821 - INFO - request - PUT /api/v1/documents/admin/36111c99-a36b-4317-8b42-208895a8540e/reject 200 4687.59ms
2026-02-28 16:47:22,827 - INFO - request - PUT /api/v1/documents/admin/36111c99-a36b-4317-8b42-208895a8540e/approve 200 6836.27ms
2026-02-28 16:58:28,079 - INFO - request - GET /docs 200 0.0ms
2026-02-28 16:58:28,379 - INFO - request - GET /openapi.json 200 94.12ms
2026-02-28 16:58:36,704 - INFO - request - GET /api/v1/documents/admin/stats 401 15.47ms
2026-02-28 16:59:12,208 - INFO - request - POST /api/v1/auth/login 200 595.27ms
2026-02-28 16:59:32,687 - INFO - request - GET /api/v1/documents/admin/stats 200 22.37ms
2026-02-28 16:59:51,103 - INFO - request - GET /api/v1/documents/approved 200 12.04ms
2026-02-28 17:00:02,683 - INFO - request - GET /api/v1/documents/approved 200 5.48ms
2026-02-28 17:00:14,189 - INFO - request - GET /api/v1/documents/approved 200 6.29ms
2026-03-02 13:40:22,799 - INFO - request - GET /docs 200 0.0ms
2026-03-02 13:40:23,869 - INFO - request - GET /openapi.json 200 73.95ms
2026-03-02 14:43:35,592 - INFO - request - POST /api/v1/auth/login 200 532.68ms
2026-03-02 16:34:42,349 - INFO - request - GET /docs 200 0.0ms
2026-03-02 16:34:42,771 - INFO - request - GET /openapi.json 200 120.72ms
2026-03-02 16:37:57,232 - INFO - request - GET /docs 200 4.39ms
2026-03-02 16:37:57,622 - INFO - request - GET /openapi.json 200 101.51ms
2026-03-02 16:38:20,371 - INFO - request - POST /api/v1/auth/forgot-password 404 50.54ms
2026-03-02 16:39:02,060 - INFO - request - POST /api/v1/auth/register 200 9686.81ms
2026-03-02 16:39:25,592 - INFO - request - POST /api/v1/auth/login 200 625.85ms
2026-03-02 16:39:47,612 - INFO - request - POST /api/v1/auth/forgot-password 200 5169.24ms
2026-03-02 16:40:31,427 - INFO - request - POST /api/v1/auth/verify-otp 200 6.18ms
2026-03-02 16:41:03,496 - INFO - request - POST /api/v1/auth/reset-password 200 643.03ms
